[20:05:17] [ServerMain/INFO]: [bootstrap] Running Java 21 (OpenJDK 64-Bit Server VM 21.0.6+7-Ubuntu-120.04.1; Ubuntu null) on Linux 6.8.0-1021-azure (amd64)
[20:05:17] [ServerMain/INFO]: [bootstrap] Loading Paper 1.21.3-63-master@4190ee7 (2024-11-25T18:59:19Z) for Minecraft 1.21.3
[20:05:17] [ServerMain/INFO]: [PluginInitializerManager] Initializing plugins...
[20:05:18] [ServerMain/INFO]: [PluginInitializerManager] Initialized 3 plugins
[20:05:18] [ServerMain/INFO]: [PluginInitializerManager] Bukkit plugins (3):
 - Geyser-Spigot (2.7.0-SNAPSHOT), ViaVersion (5.3.1), floodgate (2.2.4-SNAPSHOT (b116-0e3163c))
[20:05:24] [ServerMain/INFO]: Environment: Environment[sessionHost=https://sessionserver.mojang.com, servicesHost=https://api.minecraftservices.com, name=PROD]
[20:05:24] [ServerMain/INFO]: Found new data pack file/bukkit, loading it automatically
[20:05:24] [ServerMain/INFO]: Found new data pack paper, loading it automatically
[20:05:26] [ServerMain/INFO]: No existing world data, creating new world
[20:05:27] [ServerMain/INFO]: Loaded 1337 recipes
[20:05:27] [ServerMain/INFO]: Loaded 1448 advancements
[20:05:28] [Server thread/INFO]: Starting minecraft server version 1.21.3
[20:05:28] [Server thread/INFO]: Loading properties
[20:05:28] [Server thread/INFO]: This server is running Paper version 1.21.3-63-master@4190ee7 (2024-11-25T18:59:19Z) (Implementing API version 1.21.3-R0.1-SNAPSHOT)
[20:05:29] [Server thread/INFO]: [spark] This server bundles the spark profiler. For more information please visit https://docs.papermc.io/paper/profiling
[20:05:29] [Server thread/INFO]: Server Ping Player Sample Count: 12
[20:05:29] [Server thread/INFO]: Using 4 threads for Netty based IO
[20:05:30] [Server thread/INFO]: [MoonriseCommon] Paper is using 1 worker threads, 1 I/O threads
[20:05:30] [Server thread/INFO]: [ChunkTaskScheduler] Chunk system is using population gen parallelism: true
[20:05:31] [Server thread/INFO]: Default game type: SURVIVAL
[20:05:31] [Server thread/INFO]: Generating keypair
[20:05:31] [Server thread/INFO]: Starting Minecraft server on *:25565
[20:05:31] [Server thread/INFO]: Using epoll channel type
[20:05:31] [Server thread/INFO]: Paper: Using libdeflate (Linux x86_64) compression from Velocity.
[20:05:31] [Server thread/INFO]: Paper: Using OpenSSL 1.1.x (Linux x86_64) cipher from Velocity.
[20:05:32] [Server thread/INFO]: [floodgate] Loading server plugin floodgate v2.2.4-SNAPSHOT (b116-0e3163c)
[20:05:33] [Server thread/WARN]: [floodgate] en_ is not a supported Floodgate language.
[20:05:33] [Server thread/INFO]: [floodgate] Took 1,141ms to boot Floodgate
[20:05:33] [Server thread/INFO]: [ViaVersion] Loading server plugin ViaVersion v5.3.1
[20:05:33] [Server thread/INFO]: [ViaVersion] ViaVersion 5.3.1 is now loaded. Registering protocol transformers and injecting...
[20:05:34] [Via-Mappingloader-0/INFO]: [ViaVersion] Loading block connection mappings ...
[20:05:35] [Via-Mappingloader-0/INFO]: [ViaVersion] Using FastUtil Long2ObjectOpenHashMap for block connections
[20:05:35] [Server thread/INFO]: [Geyser-Spigot] Loading server plugin Geyser-Spigot v2.7.0-SNAPSHOT
[20:05:36] [Server thread/INFO]: [Geyser-Spigot] Loading extensions...
[20:05:36] [Server thread/INFO]: [Geyser-Spigot] Loaded 0 extension(s)
[20:05:36] [Server thread/INFO]: Server permissions file permissions.yml is empty, ignoring it
[20:05:36] [Server thread/WARN]: **** SERVER IS RUNNING IN OFFLINE/INSECURE MODE!
[20:05:36] [Server thread/WARN]: The server will make no attempt to authenticate usernames. Beware.
[20:05:36] [Server thread/WARN]: While this makes the game possible to play without internet access, it also opens up the ability for hackers to connect with any username they choose.
[20:05:36] [Server thread/WARN]: To change this, set "online-mode" to "true" in the server.properties file.
[20:05:36] [Server thread/INFO]: Preparing level "world"
[20:05:45] [Paper Common Worker #0/INFO]: [MCTypeRegistry] Initialising converters for DataConverter...
[20:05:46] [Paper Common Worker #0/INFO]: [MCTypeRegistry] Finished initialising converters for DataConverter in 356.5ms
[20:05:51] [Server thread/INFO]: Preparing start region for dimension minecraft:overworld
[20:05:51] [Server thread/INFO]: Preparing spawn area: 2%
[20:05:52] [Server thread/INFO]: Preparing spawn area: 2%
[20:05:52] [Server thread/INFO]: Preparing spawn area: 2%
[20:05:53] [Server thread/INFO]: Preparing spawn area: 2%
[20:05:53] [Server thread/INFO]: Preparing spawn area: 2%
[20:05:54] [Server thread/INFO]: Preparing spawn area: 2%
[20:05:54] [Server thread/INFO]: Preparing spawn area: 2%
[20:05:55] [Server thread/INFO]: Preparing spawn area: 2%
[20:05:55] [Server thread/INFO]: Preparing spawn area: 6%
[20:05:56] [Server thread/INFO]: Preparing spawn area: 18%
[20:05:56] [Server thread/INFO]: Preparing spawn area: 18%
[20:05:57] [Server thread/INFO]: Preparing spawn area: 18%
[20:05:57] [Server thread/INFO]: Preparing spawn area: 18%
[20:05:58] [Server thread/INFO]: Preparing spawn area: 18%
[20:05:58] [Server thread/INFO]: Preparing spawn area: 18%
[20:05:59] [Server thread/INFO]: Preparing spawn area: 36%
[20:05:59] [Server thread/INFO]: Preparing spawn area: 46%
[20:06:00] [Server thread/INFO]: Preparing spawn area: 51%
[20:06:00] [Server thread/INFO]: Preparing spawn area: 51%
[20:06:01] [Server thread/INFO]: Preparing spawn area: 51%
[20:06:01] [Server thread/INFO]: Preparing spawn area: 57%
[20:06:02] [Server thread/INFO]: Preparing spawn area: 67%
[20:06:02] [Server thread/INFO]: Preparing spawn area: 67%
[20:06:02] [Server thread/INFO]: Time elapsed: 11419 ms
[20:06:02] [Server thread/INFO]: Preparing start region for dimension minecraft:the_nether
[20:06:03] [Server thread/INFO]: Preparing spawn area: 0%
[20:06:03] [Server thread/INFO]: Time elapsed: 403 ms
[20:06:03] [Server thread/INFO]: Preparing start region for dimension minecraft:the_end
[20:06:03] [Server thread/INFO]: Preparing spawn area: 0%
[20:06:03] [Server thread/INFO]: Time elapsed: 154 ms
[20:06:03] [Server thread/INFO]: [floodgate] Enabling floodgate v2.2.4-SNAPSHOT (b116-0e3163c)
[20:06:04] [Server thread/INFO]: [ViaVersion] Enabling ViaVersion v5.3.1
[20:06:04] [Server thread/INFO]: [ViaVersion] ViaVersion detected server version: 1.21.2-1.21.3 (768)
[20:06:04] [Server thread/INFO]: [Geyser-Spigot] Enabling Geyser-Spigot v2.7.0-SNAPSHOT
[20:06:04] [Server thread/INFO]: [spark] Starting background profiler...
[20:06:04] [Server thread/INFO]: [Geyser-Spigot] ******************************************
[20:06:04] [Server thread/INFO]: [Geyser-Spigot] 
[20:06:04] [Server thread/INFO]: [Geyser-Spigot] Loading Geyser version 2.7.0-b808 (git-master-700f932)
[20:06:04] [Server thread/INFO]: [Geyser-Spigot] 
[20:06:04] [Server thread/INFO]: [Geyser-Spigot] ******************************************
[20:06:11] [epollEventLoopGroup-3-1/INFO]: [Geyser-Spigot] Started Geyser on UDP port 2530
[20:06:11] [Server thread/INFO]: [Geyser-Spigot] Done (6.772s)! Run /geyser help for help!
[20:06:11] [Server thread/INFO]: Done preparing level "world" (35.293s)
[20:06:11] [Server thread/INFO]: Running delayed init tasks
[20:06:11] [Server thread/INFO]: Done (56.350s)! For help, type "help"
[20:06:11] [Craft Scheduler Thread - 5 - ViaVersion/INFO]: [ViaVersion] Finished mapping loading, shutting down loader executor.
[20:06:12] [Server thread/WARN]: [ViaVersion] There is a newer plugin version available: 5.3.2, you're on: 5.3.1
[20:06:20] [User Authenticator #0/INFO]: UUID of player ZZRoyers_V2 is a23fd5d8-5b41-3a4d-acc0-cb94a9e75a68
[20:06:22] [Server thread/INFO]: ZZRoyers_V2 joined the game
[20:06:22] [Server thread/INFO]: ZZRoyers_V2[/127.28.150.149:55371] logged in with entity id 45 at ([world]-0.5, 99.0, 1.5)
[20:07:20] [epollEventLoopGroup-4-1/INFO]: [Geyser-Spigot] Player connected with username ZZRoyers
[20:07:20] [localSession-7-2/INFO]: [Geyser-Spigot] ZZRoyers (logged in as: ZZRoyers) has connected to the Java server
[20:07:20] [Server thread/INFO]: [floodgate] Floodgate player logged in as .ZZRoyers joined (UUID: 00000000-0000-0000-0009-01f74c13fc16)
[20:07:21] [Server thread/INFO]: .ZZRoyers joined the game
[20:07:21] [Server thread/INFO]: .ZZRoyers[/127.0.0.1:0] logged in with entity id 459 at ([world]5.5, 100.0, 3.5)
[20:08:46] [Server thread/INFO]: ZZRoyers_V2 lost connection: Disconnected
[20:08:46] [Server thread/INFO]: ZZRoyers_V2 left the game
[20:08:56] [epollEventLoopGroup-4-1/INFO]: [Geyser-Spigot] ZZRoyers has disconnected from the Java server because of Bedrock client disconnected
[20:08:56] [Geyser Spigot connection thread-6-3/INFO]: [floodgate] Floodgate player logged in as .ZZRoyers disconnected
[20:08:56] [Server thread/INFO]: .ZZRoyers lost connection: Disconnected
[20:08:56] [Server thread/INFO]: .ZZRoyers left the game
[20:09:56] [Server thread/INFO]: Server empty for 60 seconds, pausing
[20:10:00] [Server thread/INFO]: Stopping the server
[20:10:00] [Server thread/INFO]: Stopping server
[20:10:00] [Server thread/INFO]: [Geyser-Spigot] Disabling Geyser-Spigot v2.7.0-SNAPSHOT
[20:10:00] [Server thread/INFO]: [Geyser-Spigot] Shutting down Geyser.
[20:10:00] [Server thread/INFO]: [Geyser-Spigot] Geyser shutdown successfully.
[20:10:00] [Server thread/INFO]: [ViaVersion] Disabling ViaVersion v5.3.1
[20:10:00] [Server thread/INFO]: [ViaVersion] ViaVersion has been disabled; uninjected the platform and shut down the scheduler.
[20:10:00] [Server thread/INFO]: [floodgate] Disabling floodgate v2.2.4-SNAPSHOT (b116-0e3163c)
[20:10:00] [Server thread/INFO]: Saving players
[20:10:00] [WebSocketConnectReadThread-83/INFO]: [Geyser-Spigot] The skin uploader has been closed
[20:10:00] [Server thread/INFO]: Saving worlds
[20:10:00] [Server thread/INFO]: Saving chunks for level 'ServerLevel[world]'/minecraft:overworld
[20:10:00] [Server thread/INFO]: [ChunkHolderManager] Waiting 60s for chunk system to halt for world 'world'
[20:10:00] [Server thread/INFO]: [ChunkHolderManager] Halted chunk system for world 'world'
[20:10:00] [Server thread/INFO]: [ChunkHolderManager] Saving all chunkholders for world 'world'
[20:10:01] [Server thread/INFO]: [ChunkHolderManager] Saved 209 block chunks, 132 entity chunks, 0 poi chunks in world 'world' in 0.89s
[20:10:01] [Server thread/INFO]: [ChunkHolderManager] Waiting 60s for chunk I/O to halt for world 'world'
[20:10:01] [Server thread/INFO]: [ChunkHolderManager] Halted I/O scheduler for world 'world'
[20:10:01] [Server thread/INFO]: Saving chunks for level 'ServerLevel[world_nether]'/minecraft:the_nether
[20:10:01] [Server thread/INFO]: [ChunkHolderManager] Waiting 60s for chunk system to halt for world 'world_nether'
[20:10:01] [Server thread/INFO]: [ChunkHolderManager] Halted chunk system for world 'world_nether'
[20:10:01] [Server thread/INFO]: [ChunkHolderManager] Saving all chunkholders for world 'world_nether'
[20:10:01] [Server thread/INFO]: [ChunkHolderManager] Saved 0 block chunks, 4 entity chunks, 0 poi chunks in world 'world_nether' in 0.02s
[20:10:01] [Server thread/INFO]: [ChunkHolderManager] Waiting 60s for chunk I/O to halt for world 'world_nether'
[20:10:01] [Server thread/INFO]: [ChunkHolderManager] Halted I/O scheduler for world 'world_nether'
[20:10:01] [Server thread/INFO]: Saving chunks for level 'ServerLevel[world_the_end]'/minecraft:the_end
[20:10:01] [Server thread/INFO]: [ChunkHolderManager] Waiting 60s for chunk system to halt for world 'world_the_end'
[20:10:01] [Server thread/INFO]: [ChunkHolderManager] Halted chunk system for world 'world_the_end'
[20:10:01] [Server thread/INFO]: [ChunkHolderManager] Saving all chunkholders for world 'world_the_end'
[20:10:01] [Server thread/INFO]: [ChunkHolderManager] Saved 0 block chunks, 10 entity chunks, 0 poi chunks in world 'world_the_end' in 0.01s
[20:10:01] [Server thread/INFO]: [ChunkHolderManager] Waiting 60s for chunk I/O to halt for world 'world_the_end'
[20:10:01] [Server thread/INFO]: [ChunkHolderManager] Halted I/O scheduler for world 'world_the_end'
[20:10:01] [Server thread/INFO]: ThreadedAnvilChunkStorage (world): All chunks are saved
[20:10:01] [Server thread/INFO]: ThreadedAnvilChunkStorage (DIM-1): All chunks are saved
[20:10:01] [Server thread/INFO]: ThreadedAnvilChunkStorage (DIM1): All chunks are saved
[20:10:01] [Server thread/INFO]: ThreadedAnvilChunkStorage: All dimensions are saved
[20:10:01] [Server thread/INFO]: Waiting for I/O tasks to complete...
[20:10:01] [Server thread/INFO]: All I/O tasks to complete
[20:10:01] [Server thread/INFO]: [MoonriseCommon] Awaiting termination of worker pool for up to 60s...
[20:10:01] [Server thread/INFO]: [MoonriseCommon] Awaiting termination of I/O pool for up to 60s...
